2021-01-02 16:05:54,105 - __main__ - INFO - This is info message - 42 - f1
2021-01-02 16:05:54,261 - __main__ - ERROR - This is error message - 44 - f1
2021-01-02 16:05:54,276 - __main__ - WARNING - This is warning message - 45 - f1
2021-01-02 16:05:54,276 - __main__ - CRITICAL - This is critical message - 46 - f1
2021-01-02 16:07:01,324 - __main__ - INFO - This is info message - 42 - f1
2021-01-02 16:07:01,465 - __main__ - ERROR - This is error message - 44 - f1
2021-01-02 16:07:01,480 - __main__ - WARNING - This is warning message - 45 - f1
2021-01-02 16:07:01,480 - __main__ - CRITICAL - This is critical message - 46 - f1
2021-01-02 16:08:43,998 - __main__ - INFO - This is info message - 42 - f1
2021-01-02 16:08:44,076 - __main__ - ERROR - This is error message - 44 - f1
2021-01-02 16:08:44,092 - __main__ - WARNING - This is warning message - 45 - f1
2021-01-02 16:08:44,092 - __main__ - CRITICAL - This is critical message - 46 - f1
2021-01-02 16:09:49,537 - __main__ - INFO - This is info message - 42 - f1
2021-01-02 16:09:49,584 - __main__ - ERROR - This is error message - 44 - f1
2021-01-02 16:09:49,584 - __main__ - WARNING - This is warning message - 45 - f1
2021-01-02 16:09:49,599 - __main__ - CRITICAL - This is critical message - 46 - f1
2021-01-02 16:09:51,600 - __main__ - INFO - Iteration number is1 - 48 - f1
2021-01-02 16:09:51,600 - __main__ - INFO - This is info message - 42 - f1
2021-01-02 16:09:51,615 - __main__ - ERROR - This is error message - 44 - f1
2021-01-02 16:09:51,615 - __main__ - WARNING - This is warning message - 45 - f1
2021-01-02 16:09:51,646 - __main__ - CRITICAL - This is critical message - 46 - f1
2021-01-02 16:09:53,662 - __main__ - INFO - Iteration number is2 - 48 - f1
2021-01-02 16:09:53,662 - __main__ - INFO - This is info message - 42 - f1
2021-01-02 16:09:53,662 - __main__ - ERROR - This is error message - 44 - f1
2021-01-02 16:09:53,678 - __main__ - WARNING - This is warning message - 45 - f1
2021-01-02 16:09:53,693 - __main__ - CRITICAL - This is critical message - 46 - f1
2021-01-02 16:09:55,693 - __main__ - INFO - Iteration number is3 - 48 - f1
2021-01-02 16:09:55,693 - __main__ - INFO - This is info message - 42 - f1
2021-01-02 16:09:55,709 - __main__ - ERROR - This is error message - 44 - f1
2021-01-02 16:09:55,709 - __main__ - WARNING - This is warning message - 45 - f1
2021-01-02 16:09:55,724 - __main__ - CRITICAL - This is critical message - 46 - f1
2021-01-02 16:09:57,724 - __main__ - INFO - Iteration number is4 - 48 - f1
2021-01-02 16:09:57,724 - __main__ - INFO - This is info message - 42 - f1
2021-01-02 16:09:57,724 - __main__ - ERROR - This is error message - 44 - f1
2021-01-02 16:09:57,740 - __main__ - WARNING - This is warning message - 45 - f1
2021-01-02 16:09:57,740 - __main__ - CRITICAL - This is critical message - 46 - f1
2021-01-02 16:09:59,756 - __main__ - INFO - Iteration number is5 - 48 - f1
2021-01-02 16:09:59,803 - __main__ - INFO - This is info message - 42 - f1
2021-01-02 16:09:59,803 - __main__ - ERROR - This is error message - 44 - f1
2021-01-02 16:09:59,818 - __main__ - WARNING - This is warning message - 45 - f1
2021-01-02 16:09:59,818 - __main__ - CRITICAL - This is critical message - 46 - f1
2021-01-02 16:10:01,896 - __main__ - INFO - Iteration number is6 - 48 - f1
2021-01-02 16:10:01,896 - __main__ - INFO - This is info message - 42 - f1
2021-01-02 16:10:01,896 - __main__ - ERROR - This is error message - 44 - f1
2021-01-02 16:10:01,912 - __main__ - WARNING - This is warning message - 45 - f1
2021-01-02 16:10:01,912 - __main__ - CRITICAL - This is critical message - 46 - f1
2021-01-02 16:10:03,928 - __main__ - INFO - Iteration number is7 - 48 - f1
2021-01-02 16:10:03,928 - __main__ - INFO - This is info message - 42 - f1
2021-01-02 16:10:03,928 - __main__ - ERROR - This is error message - 44 - f1
2021-01-02 16:10:03,943 - __main__ - WARNING - This is warning message - 45 - f1
2021-01-02 16:10:03,974 - __main__ - CRITICAL - This is critical message - 46 - f1
2021-01-02 16:10:05,990 - __main__ - INFO - Iteration number is8 - 48 - f1
2021-01-02 16:10:05,990 - __main__ - INFO - This is info message - 42 - f1
2021-01-02 16:10:05,990 - __main__ - ERROR - This is error message - 44 - f1
2021-01-02 16:10:06,021 - __main__ - WARNING - This is warning message - 45 - f1
2021-01-02 16:10:06,037 - __main__ - CRITICAL - This is critical message - 46 - f1
2021-01-02 16:10:08,052 - __main__ - INFO - Iteration number is9 - 48 - f1
2021-01-02 16:10:08,052 - __main__ - INFO - This is info message - 42 - f1
2021-01-02 16:10:08,052 - __main__ - ERROR - This is error message - 44 - f1
2021-01-02 16:10:08,068 - __main__ - WARNING - This is warning message - 45 - f1
2021-01-02 16:10:08,068 - __main__ - CRITICAL - This is critical message - 46 - f1
2021-01-02 16:10:10,068 - __main__ - INFO - Iteration number is10 - 48 - f1
2021-01-02 16:10:10,068 - __main__ - INFO - This is info message - 42 - f1
2021-01-02 16:10:10,146 - __main__ - ERROR - This is error message - 44 - f1
2021-01-02 16:10:10,193 - __main__ - WARNING - This is warning message - 45 - f1
2021-01-02 16:10:10,224 - __main__ - CRITICAL - This is critical message - 46 - f1
2021-01-02 16:10:12,292 - __main__ - INFO - Iteration number is11 - 48 - f1
2021-01-02 16:10:12,355 - __main__ - INFO - This is info message - 42 - f1
2021-01-02 16:10:12,402 - __main__ - ERROR - This is error message - 44 - f1
2021-01-02 16:10:12,449 - __main__ - WARNING - This is warning message - 45 - f1
2021-01-02 16:10:12,574 - __main__ - CRITICAL - This is critical message - 46 - f1
2021-01-02 16:10:14,652 - __main__ - INFO - Iteration number is12 - 48 - f1
2021-01-02 16:10:14,714 - __main__ - INFO - This is info message - 42 - f1
2021-01-02 16:10:14,745 - __main__ - ERROR - This is error message - 44 - f1
2021-01-02 16:10:14,808 - __main__ - WARNING - This is warning message - 45 - f1
2021-01-02 16:10:14,855 - __main__ - CRITICAL - This is critical message - 46 - f1
2021-01-02 16:10:16,911 - __main__ - INFO - Iteration number is13 - 48 - f1
2021-01-02 16:10:16,943 - __main__ - INFO - This is info message - 42 - f1
2021-01-02 16:10:17,005 - __main__ - ERROR - This is error message - 44 - f1
2021-01-02 16:10:17,036 - __main__ - WARNING - This is warning message - 45 - f1
2021-01-02 16:10:17,068 - __main__ - CRITICAL - This is critical message - 46 - f1
2021-01-02 16:10:19,130 - __main__ - INFO - Iteration number is14 - 48 - f1
2021-01-02 16:10:19,161 - __main__ - INFO - This is info message - 42 - f1
2021-01-02 16:10:19,193 - __main__ - ERROR - This is error message - 44 - f1
2021-01-02 16:10:19,239 - __main__ - WARNING - This is warning message - 45 - f1
2021-01-02 16:10:19,271 - __main__ - CRITICAL - This is critical message - 46 - f1
2021-01-02 16:10:21,349 - __main__ - INFO - Iteration number is15 - 48 - f1
2021-01-02 16:10:21,380 - __main__ - INFO - This is info message - 42 - f1
2021-01-02 16:10:21,427 - __main__ - ERROR - This is error message - 44 - f1
2021-01-02 16:10:21,474 - __main__ - WARNING - This is warning message - 45 - f1
2021-01-02 16:10:21,521 - __main__ - CRITICAL - This is critical message - 46 - f1
2021-01-02 16:10:23,583 - __main__ - INFO - Iteration number is16 - 48 - f1
2021-01-02 16:10:23,646 - __main__ - INFO - This is info message - 42 - f1
2021-01-02 16:10:23,692 - __main__ - ERROR - This is error message - 44 - f1
2021-01-02 16:10:23,724 - __main__ - WARNING - This is warning message - 45 - f1
2021-01-02 16:10:23,771 - __main__ - CRITICAL - This is critical message - 46 - f1
2021-01-02 16:10:25,833 - __main__ - INFO - Iteration number is17 - 48 - f1
2021-01-02 16:10:25,864 - __main__ - INFO - This is info message - 42 - f1
2021-01-02 16:10:25,896 - __main__ - ERROR - This is error message - 44 - f1
2021-01-02 16:10:25,942 - __main__ - WARNING - This is warning message - 45 - f1
2021-01-02 16:10:25,974 - __main__ - CRITICAL - This is critical message - 46 - f1
2021-01-02 16:10:28,021 - __main__ - INFO - Iteration number is18 - 48 - f1
2021-01-02 16:10:28,067 - __main__ - INFO - This is info message - 42 - f1
2021-01-02 16:10:28,099 - __main__ - ERROR - This is error message - 44 - f1
2021-01-02 16:10:28,130 - __main__ - WARNING - This is warning message - 45 - f1
2021-01-02 16:10:28,177 - __main__ - CRITICAL - This is critical message - 46 - f1
2021-01-02 16:10:30,239 - __main__ - INFO - Iteration number is19 - 48 - f1
2021-01-02 16:10:30,270 - __main__ - INFO - This is info message - 42 - f1
2021-01-02 16:10:30,317 - __main__ - ERROR - This is error message - 44 - f1
2021-01-02 16:10:30,364 - __main__ - WARNING - This is warning message - 45 - f1
2021-01-02 16:10:30,395 - __main__ - CRITICAL - This is critical message - 46 - f1
2021-01-02 16:10:32,427 - __main__ - INFO - Iteration number is20 - 48 - f1
2021-01-02 16:10:32,458 - __main__ - INFO - This is info message - 42 - f1
2021-01-02 16:10:32,489 - __main__ - ERROR - This is error message - 44 - f1
2021-01-02 16:10:32,536 - __main__ - WARNING - This is warning message - 45 - f1
2021-01-02 16:10:32,567 - __main__ - CRITICAL - This is critical message - 46 - f1
2021-01-02 16:10:34,614 - __main__ - INFO - Iteration number is21 - 48 - f1
2021-01-02 16:10:34,645 - __main__ - INFO - This is info message - 42 - f1
2021-01-02 16:10:34,677 - __main__ - ERROR - This is error message - 44 - f1
2021-01-02 16:10:34,708 - __main__ - WARNING - This is warning message - 45 - f1
2021-01-02 16:10:34,755 - __main__ - CRITICAL - This is critical message - 46 - f1
2021-01-02 16:10:36,801 - __main__ - INFO - Iteration number is22 - 48 - f1
2021-01-02 16:10:36,848 - __main__ - INFO - This is info message - 42 - f1
2021-01-02 16:10:36,880 - __main__ - ERROR - This is error message - 44 - f1
2021-01-02 16:10:36,911 - __main__ - WARNING - This is warning message - 45 - f1
2021-01-02 16:10:36,958 - __main__ - CRITICAL - This is critical message - 46 - f1
2021-01-02 16:10:39,005 - __main__ - INFO - Iteration number is23 - 48 - f1
2021-01-02 16:10:39,098 - __main__ - INFO - This is info message - 42 - f1
2021-01-02 16:10:39,130 - __main__ - ERROR - This is error message - 44 - f1
2021-01-02 16:10:39,161 - __main__ - WARNING - This is warning message - 45 - f1
2021-01-02 16:10:39,286 - __main__ - CRITICAL - This is critical message - 46 - f1
2021-01-02 16:10:41,333 - __main__ - INFO - Iteration number is24 - 48 - f1
2021-01-02 16:10:41,395 - __main__ - INFO - This is info message - 42 - f1
2021-01-02 16:10:41,426 - __main__ - ERROR - This is error message - 44 - f1
2021-01-02 16:10:41,458 - __main__ - WARNING - This is warning message - 45 - f1
2021-01-02 16:10:41,505 - __main__ - CRITICAL - This is critical message - 46 - f1
2021-01-02 16:10:43,551 - __main__ - INFO - Iteration number is25 - 48 - f1
2021-01-02 16:10:43,583 - __main__ - INFO - This is info message - 42 - f1
2021-01-02 16:10:43,614 - __main__ - ERROR - This is error message - 44 - f1
2021-01-02 16:10:43,645 - __main__ - WARNING - This is warning message - 45 - f1
2021-01-02 16:10:43,692 - __main__ - CRITICAL - This is critical message - 46 - f1
2021-01-02 16:10:45,739 - __main__ - INFO - Iteration number is26 - 48 - f1
2021-01-02 16:10:45,817 - __main__ - INFO - This is info message - 42 - f1
2021-01-02 16:10:45,848 - __main__ - ERROR - This is error message - 44 - f1
2021-01-02 16:10:45,911 - __main__ - WARNING - This is warning message - 45 - f1
2021-01-02 16:10:45,973 - __main__ - CRITICAL - This is critical message - 46 - f1
2021-01-02 16:10:48,020 - __main__ - INFO - Iteration number is27 - 48 - f1
2021-01-02 16:10:48,067 - __main__ - INFO - This is info message - 42 - f1
2021-01-02 16:10:48,129 - __main__ - ERROR - This is error message - 44 - f1
2021-01-02 16:10:48,192 - __main__ - WARNING - This is warning message - 45 - f1
2021-01-02 16:10:48,254 - __main__ - CRITICAL - This is critical message - 46 - f1
2021-01-02 16:10:50,316 - __main__ - INFO - Iteration number is28 - 48 - f1
2021-01-02 16:10:50,473 - __main__ - INFO - This is info message - 42 - f1
2021-01-02 16:10:50,535 - __main__ - ERROR - This is error message - 44 - f1
2021-01-02 16:10:50,566 - __main__ - WARNING - This is warning message - 45 - f1
2021-01-02 16:10:50,644 - __main__ - CRITICAL - This is critical message - 46 - f1
2021-01-02 16:10:52,676 - __main__ - INFO - Iteration number is29 - 48 - f1
