2021-01-02 10:35:20,335 - __main__ - INFO - This is info message-20 - 42 - function_one
2021-01-02 10:35:20,346 - __main__ - WARNING - This is warning message-30 - 44 - function_one
2021-01-02 10:35:20,488 - __main__ - CRITICAL - This is critical message-50 - 45 - function_one
2021-01-02 10:35:20,599 - __main__ - ERROR - This is error message-40 - 46 - function_one
2021-01-02 10:35:22,705 - __main__ - INFO - Iteration NUmber :0 - 48 - function_one
2021-01-02 10:35:22,843 - __main__ - INFO - This is info message-20 - 42 - function_one
2021-01-02 10:35:23,043 - __main__ - WARNING - This is warning message-30 - 44 - function_one
2021-01-02 10:35:23,144 - __main__ - CRITICAL - This is critical message-50 - 45 - function_one
2021-01-02 10:35:23,287 - __main__ - ERROR - This is error message-40 - 46 - function_one
2021-01-02 10:35:25,490 - __main__ - INFO - Iteration NUmber :1 - 48 - function_one
2021-01-02 10:35:25,564 - __main__ - INFO - This is info message-20 - 42 - function_one
2021-01-02 10:35:25,707 - __main__ - WARNING - This is warning message-30 - 44 - function_one
2021-01-02 10:35:25,871 - __main__ - CRITICAL - This is critical message-50 - 45 - function_one
2021-01-02 10:35:25,999 - __main__ - ERROR - This is error message-40 - 46 - function_one
2021-01-02 10:35:28,234 - __main__ - INFO - Iteration NUmber :2 - 48 - function_one
2021-01-02 10:35:28,315 - __main__ - INFO - This is info message-20 - 42 - function_one
2021-01-02 10:35:28,431 - __main__ - WARNING - This is warning message-30 - 44 - function_one
2021-01-02 10:35:28,604 - __main__ - CRITICAL - This is critical message-50 - 45 - function_one
2021-01-02 10:35:28,748 - __main__ - ERROR - This is error message-40 - 46 - function_one
2021-01-02 10:35:30,910 - __main__ - INFO - Iteration NUmber :3 - 48 - function_one
2021-01-02 10:35:31,082 - __main__ - INFO - This is info message-20 - 42 - function_one
2021-01-02 10:35:31,232 - __main__ - WARNING - This is warning message-30 - 44 - function_one
2021-01-02 10:35:31,443 - __main__ - CRITICAL - This is critical message-50 - 45 - function_one
2021-01-02 10:35:31,587 - __main__ - ERROR - This is error message-40 - 46 - function_one
2021-01-02 10:35:33,669 - __main__ - INFO - Iteration NUmber :4 - 48 - function_one
2021-01-02 10:35:33,743 - __main__ - INFO - This is info message-20 - 42 - function_one
2021-01-02 10:35:33,821 - __main__ - WARNING - This is warning message-30 - 44 - function_one
2021-01-02 10:35:33,898 - __main__ - CRITICAL - This is critical message-50 - 45 - function_one
2021-01-02 10:35:34,065 - __main__ - ERROR - This is error message-40 - 46 - function_one
2021-01-02 10:35:36,285 - __main__ - INFO - Iteration NUmber :5 - 48 - function_one
2021-01-02 10:35:36,365 - __main__ - INFO - This is info message-20 - 42 - function_one
2021-01-02 10:35:36,487 - __main__ - WARNING - This is warning message-30 - 44 - function_one
2021-01-02 10:35:36,565 - __main__ - CRITICAL - This is critical message-50 - 45 - function_one
2021-01-02 10:35:36,687 - __main__ - ERROR - This is error message-40 - 46 - function_one
2021-01-02 10:35:38,836 - __main__ - INFO - Iteration NUmber :6 - 48 - function_one
2021-01-02 10:35:38,909 - __main__ - INFO - This is info message-20 - 42 - function_one
2021-01-02 10:35:39,057 - __main__ - WARNING - This is warning message-30 - 44 - function_one
2021-01-02 10:35:39,176 - __main__ - CRITICAL - This is critical message-50 - 45 - function_one
2021-01-02 10:35:39,232 - __main__ - ERROR - This is error message-40 - 46 - function_one
2021-01-02 10:35:41,321 - __main__ - INFO - Iteration NUmber :7 - 48 - function_one
2021-01-02 10:35:41,387 - __main__ - INFO - This is info message-20 - 42 - function_one
2021-01-02 10:35:41,509 - __main__ - WARNING - This is warning message-30 - 44 - function_one
2021-01-02 10:35:41,632 - __main__ - CRITICAL - This is critical message-50 - 45 - function_one
2021-01-02 10:35:41,703 - __main__ - ERROR - This is error message-40 - 46 - function_one
2021-01-02 10:35:43,788 - __main__ - INFO - Iteration NUmber :8 - 48 - function_one
2021-01-02 10:35:43,848 - __main__ - INFO - This is info message-20 - 42 - function_one
2021-01-02 10:35:43,937 - __main__ - WARNING - This is warning message-30 - 44 - function_one
2021-01-02 10:35:43,990 - __main__ - CRITICAL - This is critical message-50 - 45 - function_one
2021-01-02 10:35:44,159 - __main__ - ERROR - This is error message-40 - 46 - function_one
2021-01-02 10:35:46,259 - __main__ - INFO - Iteration NUmber :9 - 48 - function_one
2021-01-02 10:35:46,309 - __main__ - INFO - This is info message-20 - 42 - function_one
2021-01-02 10:35:46,393 - __main__ - WARNING - This is warning message-30 - 44 - function_one
2021-01-02 10:35:46,476 - __main__ - CRITICAL - This is critical message-50 - 45 - function_one
2021-01-02 10:35:46,548 - __main__ - ERROR - This is error message-40 - 46 - function_one
2021-01-02 10:35:48,652 - __main__ - INFO - Iteration NUmber :10 - 48 - function_one
2021-01-02 10:35:48,748 - __main__ - INFO - This is info message-20 - 42 - function_one
2021-01-02 10:35:48,855 - __main__ - WARNING - This is warning message-30 - 44 - function_one
2021-01-02 10:35:48,931 - __main__ - CRITICAL - This is critical message-50 - 45 - function_one
2021-01-02 10:35:49,009 - __main__ - ERROR - This is error message-40 - 46 - function_one
2021-01-02 10:35:51,205 - __main__ - INFO - Iteration NUmber :11 - 48 - function_one
2021-01-02 10:35:51,288 - __main__ - INFO - This is info message-20 - 42 - function_one
2021-01-02 10:35:51,398 - __main__ - WARNING - This is warning message-30 - 44 - function_one
2021-01-02 10:35:51,520 - __main__ - CRITICAL - This is critical message-50 - 45 - function_one
2021-01-02 10:35:51,620 - __main__ - ERROR - This is error message-40 - 46 - function_one
2021-01-02 10:35:53,771 - __main__ - INFO - Iteration NUmber :12 - 48 - function_one
2021-01-02 10:35:53,887 - __main__ - INFO - This is info message-20 - 42 - function_one
2021-01-02 10:35:54,043 - __main__ - WARNING - This is warning message-30 - 44 - function_one
2021-01-02 10:35:54,157 - __main__ - CRITICAL - This is critical message-50 - 45 - function_one
2021-01-02 10:35:54,416 - __main__ - ERROR - This is error message-40 - 46 - function_one
2021-01-02 10:35:56,578 - __main__ - INFO - Iteration NUmber :13 - 48 - function_one
2021-01-02 10:35:56,659 - __main__ - INFO - This is info message-20 - 42 - function_one
2021-01-02 10:35:56,776 - __main__ - WARNING - This is warning message-30 - 44 - function_one
2021-01-02 10:35:56,821 - __main__ - CRITICAL - This is critical message-50 - 45 - function_one
2021-01-02 10:35:56,904 - __main__ - ERROR - This is error message-40 - 46 - function_one
2021-01-02 10:35:58,982 - __main__ - INFO - Iteration NUmber :14 - 48 - function_one
2021-01-02 10:35:59,037 - __main__ - INFO - This is info message-20 - 42 - function_one
2021-01-02 10:35:59,159 - __main__ - WARNING - This is warning message-30 - 44 - function_one
2021-01-02 10:35:59,270 - __main__ - CRITICAL - This is critical message-50 - 45 - function_one
2021-01-02 10:35:59,331 - __main__ - ERROR - This is error message-40 - 46 - function_one
2021-01-02 10:36:01,407 - __main__ - INFO - Iteration NUmber :15 - 48 - function_one
2021-01-02 10:36:01,499 - __main__ - INFO - This is info message-20 - 42 - function_one
2021-01-02 10:36:01,582 - __main__ - WARNING - This is warning message-30 - 44 - function_one
2021-01-02 10:36:01,687 - __main__ - CRITICAL - This is critical message-50 - 45 - function_one
2021-01-02 10:36:01,787 - __main__ - ERROR - This is error message-40 - 46 - function_one
2021-01-02 10:36:03,874 - __main__ - INFO - Iteration NUmber :16 - 48 - function_one
2021-01-02 10:36:03,959 - __main__ - INFO - This is info message-20 - 42 - function_one
2021-01-02 10:36:04,010 - __main__ - WARNING - This is warning message-30 - 44 - function_one
2021-01-02 10:36:04,082 - __main__ - CRITICAL - This is critical message-50 - 45 - function_one
2021-01-02 10:36:04,271 - __main__ - ERROR - This is error message-40 - 46 - function_one
2021-01-02 10:36:06,373 - __main__ - INFO - Iteration NUmber :17 - 48 - function_one
2021-01-02 10:36:06,426 - __main__ - INFO - This is info message-20 - 42 - function_one
2021-01-02 10:36:06,526 - __main__ - WARNING - This is warning message-30 - 44 - function_one
2021-01-02 10:36:06,576 - __main__ - CRITICAL - This is critical message-50 - 45 - function_one
2021-01-02 10:36:06,654 - __main__ - ERROR - This is error message-40 - 46 - function_one
2021-01-02 10:36:08,810 - __main__ - INFO - Iteration NUmber :18 - 48 - function_one
2021-01-02 10:36:08,876 - __main__ - INFO - This is info message-20 - 42 - function_one
2021-01-02 10:36:08,948 - __main__ - WARNING - This is warning message-30 - 44 - function_one
2021-01-02 10:36:09,048 - __main__ - CRITICAL - This is critical message-50 - 45 - function_one
2021-01-02 10:36:09,176 - __main__ - ERROR - This is error message-40 - 46 - function_one
2021-01-02 10:36:11,406 - __main__ - INFO - Iteration NUmber :19 - 48 - function_one
2021-01-02 10:36:11,476 - __main__ - INFO - This is info message-20 - 42 - function_one
2021-01-02 10:36:11,520 - __main__ - WARNING - This is warning message-30 - 44 - function_one
2021-01-02 10:36:11,632 - __main__ - CRITICAL - This is critical message-50 - 45 - function_one
2021-01-02 10:36:11,693 - __main__ - ERROR - This is error message-40 - 46 - function_one
2021-01-02 10:36:13,795 - __main__ - INFO - Iteration NUmber :20 - 48 - function_one
2021-01-02 10:36:13,875 - __main__ - INFO - This is info message-20 - 42 - function_one
2021-01-02 10:36:13,986 - __main__ - WARNING - This is warning message-30 - 44 - function_one
2021-01-02 10:36:14,106 - __main__ - CRITICAL - This is critical message-50 - 45 - function_one
2021-01-02 10:36:14,310 - __main__ - ERROR - This is error message-40 - 46 - function_one
2021-01-02 10:36:16,414 - __main__ - INFO - Iteration NUmber :21 - 48 - function_one
2021-01-02 10:36:16,487 - __main__ - INFO - This is info message-20 - 42 - function_one
2021-01-02 10:36:16,572 - __main__ - WARNING - This is warning message-30 - 44 - function_one
2021-01-02 10:36:16,653 - __main__ - CRITICAL - This is critical message-50 - 45 - function_one
2021-01-02 10:36:16,775 - __main__ - ERROR - This is error message-40 - 46 - function_one
2021-01-02 10:36:18,869 - __main__ - INFO - Iteration NUmber :22 - 48 - function_one
2021-01-02 10:36:19,042 - __main__ - INFO - This is info message-20 - 42 - function_one
2021-01-02 10:36:19,136 - __main__ - WARNING - This is warning message-30 - 44 - function_one
2021-01-02 10:36:19,331 - __main__ - CRITICAL - This is critical message-50 - 45 - function_one
2021-01-02 10:36:19,428 - __main__ - ERROR - This is error message-40 - 46 - function_one
