2021-01-02 15:18:00,250 - __main__ - INFO - This is info message-20 - 42 - function_one
2021-01-02 15:18:00,453 - __main__ - WARNING - This is warning message-30 - 44 - function_one
2021-01-02 15:18:00,547 - __main__ - CRITICAL - This is critical message-50 - 45 - function_one
2021-01-02 15:18:00,625 - __main__ - ERROR - This is error message-40 - 46 - function_one
2021-01-02 15:18:02,875 - __main__ - INFO - Iteration NUmber :0 - 48 - function_one
2021-01-02 15:18:03,172 - __main__ - INFO - This is info message-20 - 42 - function_one
2021-01-02 15:18:03,281 - __main__ - WARNING - This is warning message-30 - 44 - function_one
2021-01-02 15:18:03,406 - __main__ - CRITICAL - This is critical message-50 - 45 - function_one
2021-01-02 15:18:03,484 - __main__ - ERROR - This is error message-40 - 46 - function_one
2021-01-02 15:18:05,578 - __main__ - INFO - Iteration NUmber :1 - 48 - function_one
2021-01-02 15:18:05,656 - __main__ - INFO - This is info message-20 - 42 - function_one
2021-01-02 15:18:05,750 - __main__ - WARNING - This is warning message-30 - 44 - function_one
2021-01-02 15:18:05,875 - __main__ - CRITICAL - This is critical message-50 - 45 - function_one
2021-01-02 15:18:05,922 - __main__ - ERROR - This is error message-40 - 46 - function_one
2021-01-02 15:18:07,984 - __main__ - INFO - Iteration NUmber :2 - 48 - function_one
2021-01-02 15:18:08,109 - __main__ - INFO - This is info message-20 - 42 - function_one
2021-01-02 15:18:08,234 - __main__ - WARNING - This is warning message-30 - 44 - function_one
2021-01-02 15:18:08,328 - __main__ - CRITICAL - This is critical message-50 - 45 - function_one
2021-01-02 15:18:08,390 - __main__ - ERROR - This is error message-40 - 46 - function_one
2021-01-02 15:18:10,428 - __main__ - INFO - Iteration NUmber :3 - 48 - function_one
2021-01-02 15:18:10,460 - __main__ - INFO - This is info message-20 - 42 - function_one
2021-01-02 15:18:10,538 - __main__ - WARNING - This is warning message-30 - 44 - function_one
2021-01-02 15:18:10,580 - __main__ - CRITICAL - This is critical message-50 - 45 - function_one
2021-01-02 15:18:10,835 - __main__ - ERROR - This is error message-40 - 46 - function_one
2021-01-02 15:18:12,876 - __main__ - INFO - Iteration NUmber :4 - 48 - function_one
2021-01-02 15:18:13,079 - __main__ - INFO - This is info message-20 - 42 - function_one
2021-01-02 15:18:13,110 - __main__ - WARNING - This is warning message-30 - 44 - function_one
2021-01-02 15:18:13,141 - __main__ - CRITICAL - This is critical message-50 - 45 - function_one
2021-01-02 15:18:13,188 - __main__ - ERROR - This is error message-40 - 46 - function_one
2021-01-02 15:18:15,235 - __main__ - INFO - Iteration NUmber :5 - 48 - function_one
2021-01-02 15:18:15,251 - __main__ - INFO - This is info message-20 - 42 - function_one
2021-01-02 15:18:15,298 - __main__ - WARNING - This is warning message-30 - 44 - function_one
2021-01-02 15:18:15,376 - __main__ - CRITICAL - This is critical message-50 - 45 - function_one
2021-01-02 15:18:15,423 - __main__ - ERROR - This is error message-40 - 46 - function_one
2021-01-02 15:18:17,469 - __main__ - INFO - Iteration NUmber :6 - 48 - function_one
2021-01-02 15:18:17,532 - __main__ - INFO - This is info message-20 - 42 - function_one
2021-01-02 15:18:17,563 - __main__ - WARNING - This is warning message-30 - 44 - function_one
2021-01-02 15:18:17,610 - __main__ - CRITICAL - This is critical message-50 - 45 - function_one
2021-01-02 15:18:17,657 - __main__ - ERROR - This is error message-40 - 46 - function_one
2021-01-02 15:18:19,751 - __main__ - INFO - Iteration NUmber :7 - 48 - function_one
2021-01-02 15:18:19,798 - __main__ - INFO - This is info message-20 - 42 - function_one
2021-01-02 15:18:19,844 - __main__ - WARNING - This is warning message-30 - 44 - function_one
2021-01-02 15:18:19,891 - __main__ - CRITICAL - This is critical message-50 - 45 - function_one
2021-01-02 15:18:19,938 - __main__ - ERROR - This is error message-40 - 46 - function_one
2021-01-02 15:18:21,999 - __main__ - INFO - Iteration NUmber :8 - 48 - function_one
2021-01-02 15:18:22,280 - __main__ - INFO - This is info message-20 - 42 - function_one
2021-01-02 15:18:22,343 - __main__ - WARNING - This is warning message-30 - 44 - function_one
2021-01-02 15:18:22,390 - __main__ - CRITICAL - This is critical message-50 - 45 - function_one
2021-01-02 15:18:22,437 - __main__ - ERROR - This is error message-40 - 46 - function_one
2021-01-02 15:18:24,468 - __main__ - INFO - Iteration NUmber :9 - 48 - function_one
